0 info it worked if it ends with ok
1 verbose cli [ 'node', '/usr/local/bin/npm', 'publish', '--force' ]
2 info using npm@2.12.1
3 info using node@v0.12.3
4 warn using --force I sure hope you know what you are doing.
5 verbose publish [ '.' ]
6 silly cache add args [ '.', null ]
7 verbose cache add spec .
8 silly cache add parsed spec { raw: '.',
8 silly cache add   scope: null,
8 silly cache add   name: null,
8 silly cache add   rawSpec: '.',
8 silly cache add   spec: '/Users/progrium/Projects/.go/src/github.com/progrium/electron-largetype',
8 silly cache add   type: 'directory' }
9 verbose addLocalDirectory /Users/progrium/.npm/electron-largetype/0.2.0/package.tgz not in flight; packing
10 verbose tar pack [ '/Users/progrium/.npm/electron-largetype/0.2.0/package.tgz',
10 verbose tar pack   '/Users/progrium/Projects/.go/src/github.com/progrium/electron-largetype' ]
11 verbose tarball /Users/progrium/.npm/electron-largetype/0.2.0/package.tgz
12 verbose folder /Users/progrium/Projects/.go/src/github.com/progrium/electron-largetype
13 info prepublish electron-largetype@0.2.0
14 verbose addLocalTarball adding from inside cache /Users/progrium/.npm/electron-largetype/0.2.0/package.tgz
15 silly cache afterAdd electron-largetype@0.2.0
16 verbose afterAdd /Users/progrium/.npm/electron-largetype/0.2.0/package/package.json not in flight; writing
17 verbose afterAdd /Users/progrium/.npm/electron-largetype/0.2.0/package/package.json written
18 silly publish { name: 'electron-largetype',
18 silly publish   version: '0.2.0',
18 silly publish   description: 'Large Type functionality for Electron apps',
18 silly publish   main: './largetype.js',
18 silly publish   repository:
18 silly publish    { type: 'git',
18 silly publish      url: 'git+https://github.com/progrium/electron-largetype.git' },
18 silly publish   keywords: [ 'atom', 'atom-shell', 'electron', 'gui', 'electron-component' ],
18 silly publish   author: { name: 'Jeff Lindsay' },
18 silly publish   license: 'MIT',
18 silly publish   bugs: { url: 'https://github.com/progrium/electron-largetype/issues' },
18 silly publish   homepage: 'https://github.com/progrium/electron-largetype',
18 silly publish   readme: '# electron-largetype\n\nLarge Type for Electron apps\n\n## Getting the library\n\n  $ npm install electron-largetype\n\n## Using it\n\nSomewhere in your Electron app you can do this:\n```javascript\nvar largetype = require("electron-largetype")\n\nlargetype.show("This text is large!")\n```\n\nEasy as that.\n\n## About Large Type\n\nOriginally built-in to certain OS X apps, "Show Text in Large Type" was popularized by Quicksilver as a way to quickly display text in easy to read large letters on your screen, typically to be read at a distance. Although it was picked up by Quicksilver alternatives like Alfred, as Spotlight became faster and more useful, there was less of a need to run fancy app launchers. As such, we lost easy Large Type.\n\nIn building DeskBot, an API to your desktop, I figured Large Type would be a great feature to include. Being an Electron app, it would just be a matter of loading a transparent browser window and implementing Large Type in HTML/CSS. I decided to make it a library so others could include Large Type in their Electron apps as well.\n\n## License\n\nMIT\n',
18 silly publish   readmeFilename: 'README.md',
18 silly publish   gitHead: 'f281999704ac96f578e6dbf147763f2eb85dd8f9',
18 silly publish   _id: 'electron-largetype@0.2.0',
18 silly publish   scripts: {},
18 silly publish   _shasum: 'eee12d1276e25745d958e7567af4b2d2606a0837',
18 silly publish   _from: '.' }
19 verbose getPublishConfig undefined
20 silly mapToRegistry name electron-largetype
21 silly mapToRegistry using default registry
22 silly mapToRegistry registry https://registry.npmjs.org/
23 silly mapToRegistry uri https://registry.npmjs.org/electron-largetype
24 verbose publish registryBase https://registry.npmjs.org/
25 silly publish uploading /Users/progrium/.npm/electron-largetype/0.2.0/package.tgz
26 verbose request uri https://registry.npmjs.org/electron-largetype
27 verbose request sending authorization for write operation
28 info attempt registry request try #1 at 10:29:04 PM
29 verbose request using bearer token for auth
30 verbose request id c8180d2de96d2536
31 http request PUT https://registry.npmjs.org/electron-largetype
32 http 403 https://registry.npmjs.org/electron-largetype
33 verbose headers { 'content-type': 'application/json',
33 verbose headers   'cache-control': 'max-age=300',
33 verbose headers   'content-length': '95',
33 verbose headers   'accept-ranges': 'bytes',
33 verbose headers   date: 'Mon, 08 Feb 2016 04:29:05 GMT',
33 verbose headers   via: '1.1 varnish',
33 verbose headers   connection: 'keep-alive',
33 verbose headers   'x-served-by': 'cache-ord1722-ORD',
33 verbose headers   'x-cache': 'MISS',
33 verbose headers   'x-cache-hits': '0',
33 verbose headers   'x-timer': 'S1454905744.415849,VS0,VE834' }
34 verbose request invalidating /Users/progrium/.npm/registry.npmjs.org/electron-largetype on PUT
35 error publish Failed PUT 403
36 verbose stack Error: "You cannot publish over the previously published version 0.2.0." : electron-largetype
36 verbose stack     at CachingRegistryClient.<anonymous> (/usr/local/lib/node_modules/npm/node_modules/npm-registry-client/lib/request.js:247:14)
36 verbose stack     at Request._callback (/usr/local/lib/node_modules/npm/node_modules/npm-registry-client/lib/request.js:170:14)
36 verbose stack     at Request.self.callback (/usr/local/lib/node_modules/npm/node_modules/request/request.js:197:22)
36 verbose stack     at Request.emit (events.js:110:17)
36 verbose stack     at Request.<anonymous> (/usr/local/lib/node_modules/npm/node_modules/request/request.js:1050:14)
36 verbose stack     at Request.emit (events.js:129:20)
36 verbose stack     at IncomingMessage.<anonymous> (/usr/local/lib/node_modules/npm/node_modules/request/request.js:996:12)
36 verbose stack     at IncomingMessage.emit (events.js:129:20)
36 verbose stack     at _stream_readable.js:908:16
36 verbose stack     at process._tickCallback (node.js:355:11)
37 verbose statusCode 403
38 verbose pkgid electron-largetype
39 verbose cwd /Users/progrium/Projects/.go/src/github.com/progrium/electron-largetype
40 error Darwin 15.3.0
41 error argv "node" "/usr/local/bin/npm" "publish" "--force"
42 error node v0.12.3
43 error npm  v2.12.1
44 error code E403
45 error "You cannot publish over the previously published version 0.2.0." : electron-largetype
46 error If you need help, you may report this error at:
46 error     <https://github.com/npm/npm/issues>
47 verbose exit [ 1, true ]
